生成启动时间为 2013/6/17 13:44:26。
     1>项目“D:\progress\JM86_firstime\lencod.vcxproj”在节点 2 上(build 个目标)。
     1>InitializeBuildStatus:
         正在创建“.\lencod/Debug\lencod.unsuccessfulbuild”，因为已指定“AlwaysCreate”。
       ClCompile:
         所有输出均为最新。
       ManifestResourceCompile:
         所有输出均为最新。
     1>C:\Program Files\MSBuild\Microsoft.Cpp\v4.0\Microsoft.CppBuild.targets(990,5): warning MSB8012: TargetPath(D:\progress\JM86_firstime\.\lencod/Debug\lencod.exe) 与 Linker 的 OutputFile 属性值(D:\progress\JM86_firstime\bin\lencod.exe)不匹配。这可能导致项目生成不正确。若要更正此问题，请确保 $(OutDir)、$(TargetName) 和 $(TargetExt) 属性值与 %(Link.OutputFile) 中指定的值匹配。
       Link:
         所有输出均为最新。
       Manifest:
         所有输出均为最新。
       BscMake:
         所有输出均为最新。
       FinalizeBuildStatus:
         正在删除文件“.\lencod/Debug\lencod.unsuccessfulbuild”。
         正在对“.\lencod/Debug\lencod.lastbuildstate”执行 Touch 任务。
     1>已完成生成项目“D:\progress\JM86_firstime\lencod.vcxproj”(build 个目标)的操作。

生成成功。

已用时间 00:00:00.09
