.\lencod/Debug\lencod.bsc
D:\progress\JM86_firstime\.\lencod/Debug\lencod.exe
D:\progress\JM86_firstime\.\lencod/Debug\lencod.exe.intermediate.manifest
D:\PROGRESS\JM86_FIRSTIME\BIN\LENCOD.EXE
D:\PROGRESS\JM86_FIRSTIME\BIN\LENCOD.ILK
D:\PROGRESS\JM86_FIRSTIME\LENCOD\DEBUG\ANNEXB.OBJ
D:\PROGRESS\JM86_FIRSTIME\LENCOD\DEBUG\ANNEXB.SBR
D:\PROGRESS\JM86_FIRSTIME\LENCOD\DEBUG\BIARIENCODE.OBJ
D:\PROGRESS\JM86_FIRSTIME\LENCOD\DEBUG\BIARIENCODE.SBR
D:\PROGRESS\JM86_FIRSTIME\LENCOD\DEBUG\BLOCK.OBJ
D:\PROGRESS\JM86_FIRSTIME\LENCOD\DEBUG\BLOCK.SBR
D:\progress\JM86_firstime\lencod\Debug\BscMake.command.1.tlog
D:\progress\JM86_firstime\lencod\Debug\bscmake.read.1.tlog
D:\progress\JM86_firstime\lencod\Debug\bscmake.write.1.tlog
D:\PROGRESS\JM86_FIRSTIME\LENCOD\DEBUG\CABAC.OBJ
D:\PROGRESS\JM86_FIRSTIME\LENCOD\DEBUG\CABAC.SBR
D:\progress\JM86_firstime\lencod\Debug\cl.command.1.tlog
D:\progress\JM86_firstime\lencod\Debug\CL.read.1.tlog
D:\progress\JM86_firstime\lencod\Debug\CL.write.1.tlog
D:\PROGRESS\JM86_FIRSTIME\LENCOD\DEBUG\CONFIGFILE.OBJ
D:\PROGRESS\JM86_FIRSTIME\LENCOD\DEBUG\CONFIGFILE.SBR
D:\PROGRESS\JM86_FIRSTIME\LENCOD\DEBUG\CONTEXT_INI.OBJ
D:\PROGRESS\JM86_FIRSTIME\LENCOD\DEBUG\CONTEXT_INI.SBR
D:\PROGRESS\JM86_FIRSTIME\LENCOD\DEBUG\DECODER.OBJ
D:\PROGRESS\JM86_FIRSTIME\LENCOD\DEBUG\DECODER.SBR
D:\PROGRESS\JM86_FIRSTIME\LENCOD\DEBUG\FAST_ME.OBJ
D:\PROGRESS\JM86_FIRSTIME\LENCOD\DEBUG\FAST_ME.SBR
D:\PROGRESS\JM86_FIRSTIME\LENCOD\DEBUG\FILEHANDLE.OBJ
D:\PROGRESS\JM86_FIRSTIME\LENCOD\DEBUG\FILEHANDLE.SBR
D:\PROGRESS\JM86_FIRSTIME\LENCOD\DEBUG\FMO.OBJ
D:\PROGRESS\JM86_FIRSTIME\LENCOD\DEBUG\FMO.SBR
D:\PROGRESS\JM86_FIRSTIME\LENCOD\DEBUG\HEADER.OBJ
D:\PROGRESS\JM86_FIRSTIME\LENCOD\DEBUG\HEADER.SBR
D:\PROGRESS\JM86_FIRSTIME\LENCOD\DEBUG\IMAGE.OBJ
D:\PROGRESS\JM86_FIRSTIME\LENCOD\DEBUG\IMAGE.SBR
D:\PROGRESS\JM86_FIRSTIME\LENCOD\DEBUG\INTRAREFRESH.OBJ
D:\PROGRESS\JM86_FIRSTIME\LENCOD\DEBUG\INTRAREFRESH.SBR
D:\PROGRESS\JM86_FIRSTIME\LENCOD\DEBUG\LEAKY_BUCKET.OBJ
D:\PROGRESS\JM86_FIRSTIME\LENCOD\DEBUG\LEAKY_BUCKET.SBR
D:\PROGRESS\JM86_FIRSTIME\LENCOD\DEBUG\LENCOD.BSC
D:\PROGRESS\JM86_FIRSTIME\LENCOD\DEBUG\LENCOD.EXE.EMBED.MANIFEST
D:\PROGRESS\JM86_FIRSTIME\LENCOD\DEBUG\LENCOD.EXE.EMBED.MANIFEST.RES
D:\PROGRESS\JM86_FIRSTIME\LENCOD\DEBUG\LENCOD.EXE.INTERMEDIATE.MANIFEST
D:\PROGRESS\JM86_FIRSTIME\LENCOD\DEBUG\LENCOD.OBJ
D:\PROGRESS\JM86_FIRSTIME\LENCOD\DEBUG\LENCOD.PDB
D:\PROGRESS\JM86_FIRSTIME\LENCOD\DEBUG\LENCOD.SBR
D:\progress\JM86_firstime\lencod\Debug\lencod_manifest.rc
D:\progress\JM86_firstime\lencod\Debug\link.2644.read.1.tlog
D:\progress\JM86_firstime\lencod\Debug\link.2644.write.1.tlog
D:\progress\JM86_firstime\lencod\Debug\link.2644-cvtres.read.1.tlog
D:\progress\JM86_firstime\lencod\Debug\link.2644-cvtres.write.1.tlog
D:\progress\JM86_firstime\lencod\Debug\link.command.1.tlog
D:\progress\JM86_firstime\lencod\Debug\link.read.1.tlog
D:\progress\JM86_firstime\lencod\Debug\link.write.1.tlog
D:\progress\JM86_firstime\lencod\Debug\link-cvtres.read.1.tlog
D:\progress\JM86_firstime\lencod\Debug\link-cvtres.write.1.tlog
D:\PROGRESS\JM86_FIRSTIME\LENCOD\DEBUG\LOOPFILTER.OBJ
D:\PROGRESS\JM86_FIRSTIME\LENCOD\DEBUG\LOOPFILTER.SBR
D:\PROGRESS\JM86_FIRSTIME\LENCOD\DEBUG\MACROBLOCK.OBJ
D:\PROGRESS\JM86_FIRSTIME\LENCOD\DEBUG\MACROBLOCK.SBR
D:\PROGRESS\JM86_FIRSTIME\LENCOD\DEBUG\MB_ACCESS.OBJ
D:\PROGRESS\JM86_FIRSTIME\LENCOD\DEBUG\MB_ACCESS.SBR
D:\PROGRESS\JM86_FIRSTIME\LENCOD\DEBUG\MBUFFER.OBJ
D:\PROGRESS\JM86_FIRSTIME\LENCOD\DEBUG\MBUFFER.SBR
D:\PROGRESS\JM86_FIRSTIME\LENCOD\DEBUG\MEMALLOC.OBJ
D:\PROGRESS\JM86_FIRSTIME\LENCOD\DEBUG\MEMALLOC.SBR
D:\progress\JM86_firstime\lencod\Debug\mt.command.1.tlog
D:\progress\JM86_firstime\lencod\Debug\mt.read.1.tlog
D:\progress\JM86_firstime\lencod\Debug\mt.write.1.tlog
D:\PROGRESS\JM86_FIRSTIME\LENCOD\DEBUG\MV-SEARCH.OBJ
D:\PROGRESS\JM86_FIRSTIME\LENCOD\DEBUG\MV-SEARCH.SBR
D:\PROGRESS\JM86_FIRSTIME\LENCOD\DEBUG\NAL.OBJ
D:\PROGRESS\JM86_FIRSTIME\LENCOD\DEBUG\NAL.SBR
D:\PROGRESS\JM86_FIRSTIME\LENCOD\DEBUG\NALU.OBJ
D:\PROGRESS\JM86_FIRSTIME\LENCOD\DEBUG\NALU.SBR
D:\PROGRESS\JM86_FIRSTIME\LENCOD\DEBUG\NALUCOMMON.OBJ
D:\PROGRESS\JM86_FIRSTIME\LENCOD\DEBUG\NALUCOMMON.SBR
D:\PROGRESS\JM86_FIRSTIME\LENCOD\DEBUG\OUTPUT.OBJ
D:\PROGRESS\JM86_FIRSTIME\LENCOD\DEBUG\OUTPUT.SBR
D:\PROGRESS\JM86_FIRSTIME\LENCOD\DEBUG\PARSET.OBJ
D:\PROGRESS\JM86_FIRSTIME\LENCOD\DEBUG\PARSET.SBR
D:\PROGRESS\JM86_FIRSTIME\LENCOD\DEBUG\PARSETCOMMON.OBJ
D:\PROGRESS\JM86_FIRSTIME\LENCOD\DEBUG\PARSETCOMMON.SBR
D:\PROGRESS\JM86_FIRSTIME\LENCOD\DEBUG\RATECTL.OBJ
D:\PROGRESS\JM86_FIRSTIME\LENCOD\DEBUG\RATECTL.SBR
D:\progress\JM86_firstime\lencod\Debug\rc.command.1.tlog
D:\progress\JM86_firstime\lencod\Debug\rc.read.1.tlog
D:\progress\JM86_firstime\lencod\Debug\rc.write.1.tlog
D:\PROGRESS\JM86_FIRSTIME\LENCOD\DEBUG\RDOPT.OBJ
D:\PROGRESS\JM86_FIRSTIME\LENCOD\DEBUG\RDOPT.SBR
D:\PROGRESS\JM86_FIRSTIME\LENCOD\DEBUG\RDOPT_CODING_STATE.OBJ
D:\PROGRESS\JM86_FIRSTIME\LENCOD\DEBUG\RDOPT_CODING_STATE.SBR
D:\PROGRESS\JM86_FIRSTIME\LENCOD\DEBUG\REFBUF.OBJ
D:\PROGRESS\JM86_FIRSTIME\LENCOD\DEBUG\REFBUF.SBR
D:\PROGRESS\JM86_FIRSTIME\LENCOD\DEBUG\RTP.OBJ
D:\PROGRESS\JM86_FIRSTIME\LENCOD\DEBUG\RTP.SBR
D:\PROGRESS\JM86_FIRSTIME\LENCOD\DEBUG\SEI.OBJ
D:\PROGRESS\JM86_FIRSTIME\LENCOD\DEBUG\SEI.SBR
D:\PROGRESS\JM86_FIRSTIME\LENCOD\DEBUG\SLICE.OBJ
D:\PROGRESS\JM86_FIRSTIME\LENCOD\DEBUG\SLICE.SBR
D:\progress\JM86_firstime\lencod\Debug\vc100.idb
D:\PROGRESS\JM86_FIRSTIME\LENCOD\DEBUG\VC100.PDB
D:\PROGRESS\JM86_FIRSTIME\LENCOD\DEBUG\VLC.OBJ
D:\PROGRESS\JM86_FIRSTIME\LENCOD\DEBUG\VLC.SBR
D:\PROGRESS\JM86_FIRSTIME\LENCOD\DEBUG\WEIGHTED_PREDICTION.OBJ
D:\PROGRESS\JM86_FIRSTIME\LENCOD\DEBUG\WEIGHTED_PREDICTION.SBR
